Release 14.7 - xst P.20131013 (nt64)
Copyright (c) 1995-2013 Xilinx, Inc.  All rights reserved.
--> Parameter TMPDIR set to xst/projnav.tmp


Total REAL time to Xst completion: 1.00 secs
Total CPU time to Xst completion: 0.27 secs
 
--> Parameter xsthdpdir set to xst


Total REAL time to Xst completion: 1.00 secs
Total CPU time to Xst completion: 0.27 secs
 
--> Reading design: decode.prj

TABLE OF CONTENTS
  1) Synthesis Options Summary
  2) HDL Parsing
  3) HDL Elaboration
  4) HDL Synthesis
       4.1) HDL Synthesis Report
  5) Advanced HDL Synthesis
       5.1) Advanced HDL Synthesis Report
  6) Low Level Synthesis
  7) Partition Report
  8) Design Summary
       8.1) Primitive and Black Box Usage
       8.2) Device utilization summary
       8.3) Partition Resource Summary
       8.4) Timing Report
            8.4.1) Clock Information
            8.4.2) Asynchronous Control Signals Information
            8.4.3) Timing Summary
            8.4.4) Timing Details
            8.4.5) Cross Clock Domains Report


=========================================================================
*                      Synthesis Options Summary                        *
=========================================================================
---- Source Parameters
Input File Name                    : "decode.prj"
Ignore Synthesis Constraint File   : NO

---- Target Parameters
Output File Name                   : "decode"
Output Format                      : NGC
Target Device                      : xc7a100t-3-csg324

---- Source Options
Top Module Name                    : decode
Automatic FSM Extraction           : YES
FSM Encoding Algorithm             : Auto
Safe Implementation                : No
FSM Style                          : LUT
RAM Extraction                     : Yes
RAM Style                          : Auto
ROM Extraction                     : Yes
Shift Register Extraction          : YES
ROM Style                          : Auto
Resource Sharing                   : YES
Asynchronous To Synchronous        : NO
Shift Register Minimum Size        : 2
Use DSP Block                      : Auto
Automatic Register Balancing       : No

---- Target Options
LUT Combining                      : Auto
Reduce Control Sets                : Auto
Add IO Buffers                     : YES
Global Maximum Fanout              : 100000
Add Generic Clock Buffer(BUFG)     : 32
Register Duplication               : YES
Optimize Instantiated Primitives   : NO
Use Clock Enable                   : Auto
Use Synchronous Set                : Auto
Use Synchronous Reset              : Auto
Pack IO Registers into IOBs        : Auto
Equivalent register Removal        : YES

---- General Options
Optimization Goal                  : Speed
Optimization Effort                : 1
Power Reduction                    : NO
Keep Hierarchy                     : No
Netlist Hierarchy                  : As_Optimized
RTL Output                         : Yes
Global Optimization                : AllClockNets
Read Cores                         : YES
Write Timing Constraints           : NO
Cross Clock Analysis               : NO
Hierarchy Separator                : /
Bus Delimiter                      : <>
Case Specifier                     : Maintain
Slice Utilization Ratio            : 100
BRAM Utilization Ratio             : 100
DSP48 Utilization Ratio            : 100
Auto BRAM Packing                  : NO
Slice Utilization Ratio Delta      : 5

=========================================================================


=========================================================================
*                          HDL Parsing                                  *
=========================================================================
Analyzing Verilog file "D:\3D\IDM\Downloads\Documents\prog\Verilog\Computer_arc\decode.v" into library work
Parsing module <decode>.

=========================================================================
*                            HDL Elaboration                            *
=========================================================================

Elaborating module <decode>.

=========================================================================
*                           HDL Synthesis                               *
=========================================================================

Synthesizing Unit <decode>.
    Related source file is "D:\3D\IDM\Downloads\Documents\prog\Verilog\Computer_arc\decode.v".
    Found 32-bit register for signal <readData2>.
    Found 32-bit register for signal <readData1>.
    Found 32x32-bit dual-port RAM <Mram_registerFile> for signal <registerFile>.
    Summary:
	inferred   2 RAM(s).
	inferred  64 D-type flip-flop(s).
Unit <decode> synthesized.

=========================================================================
HDL Synthesis Report

Macro Statistics
# RAMs                                                 : 2
 32x32-bit dual-port RAM                               : 2
# Registers                                            : 2
 32-bit register                                       : 2

=========================================================================

=========================================================================
*                       Advanced HDL Synthesis                          *
=========================================================================


Synthesizing (advanced) Unit <decode>.
INFO:Xst:3226 - The RAM <Mram_registerFile> will be implemented as a BLOCK RAM, absorbing the following register(s): <readData1>
    -----------------------------------------------------------------------
    | ram_type           | Block                               |          |
    -----------------------------------------------------------------------
    | Port A                                                              |
    |     aspect ratio   | 32-word x 32-bit                    |          |
    |     mode           | write-first                         |          |
    |     clkA           | connected to signal <clk>           | rise     |
    |     weA            | connected to signal <regWrite>      | high     |
    |     addrA          | connected to signal <writeRegister> |          |
    |     diA            | connected to signal <writeData>     |          |
    -----------------------------------------------------------------------
    | optimization       | speed                               |          |
    -----------------------------------------------------------------------
    | Port B                                                              |
    |     aspect ratio   | 32-word x 32-bit                    |          |
    |     mode           | write-first                         |          |
    |     clkB           | connected to signal <clk>           | fall     |
    |     addrB          | connected to signal <instruction>   |          |
    |     doB            | connected to signal <readData1>     |          |
    -----------------------------------------------------------------------
    | optimization       | speed                               |          |
    -----------------------------------------------------------------------
INFO:Xst:3226 - The RAM <Mram_registerFile1> will be implemented as a BLOCK RAM, absorbing the following register(s): <readData2>
    -----------------------------------------------------------------------
    | ram_type           | Block                               |          |
    -----------------------------------------------------------------------
    | Port A                                                              |
    |     aspect ratio   | 32-word x 32-bit                    |          |
    |     mode           | write-first                         |          |
    |     clkA           | connected to signal <clk>           | rise     |
    |     weA            | connected to signal <regWrite>      | high     |
    |     addrA          | connected to signal <writeRegister> |          |
    |     diA            | connected to signal <writeData>     |          |
    -----------------------------------------------------------------------
    | optimization       | speed                               |          |
    -----------------------------------------------------------------------
    | Port B                                                              |
    |     aspect ratio   | 32-word x 32-bit                    |          |
    |     mode           | write-first                         |          |
    |     clkB           | connected to signal <clk>           | fall     |
    |     addrB          | connected to signal <insaddress1>   |          |
    |     doB            | connected to signal <readData2>     |          |
    -----------------------------------------------------------------------
    | optimization       | speed                               |          |
    -----------------------------------------------------------------------
Unit <decode> synthesized (advanced).

=========================================================================
Advanced HDL Synthesis Report

Macro Statistics
# RAMs                                                 : 2
 32x32-bit dual-port block RAM                         : 2

=========================================================================

=========================================================================
*                         Low Level Synthesis                           *
=========================================================================

Optimizing unit <decode> ...

Mapping all equations...
Building and optimizing final netlist ...
Found area constraint ratio of 100 (+ 5) on block decode, actual ratio is 0.

Final Macro Processing ...

=========================================================================
Final Register Report

Found no macro
=========================================================================

=========================================================================
*                           Partition Report                            *
=========================================================================

Partition Implementation Status
-------------------------------

  No Partitions were found in this design.

-------------------------------

=========================================================================
*                            Design Summary                             *
=========================================================================

Top Level Output File Name         : decode.ngc

Primitive and Black Box Usage:
------------------------------
# BELS                             : 3
#      GND                         : 1
#      INV                         : 1
#      VCC                         : 1
# RAMS                             : 2
#      RAMB18E1                    : 2
# Clock Buffers                    : 1
#      BUFGP                       : 1
# IO Buffers                       : 182
#      IBUF                        : 70
#      OBUF                        : 112

Device utilization summary:
---------------------------

Selected Device : 7a100tcsg324-3 


Slice Logic Utilization: 
 Number of Slice LUTs:                    1  out of  63400     0%  
    Number used as Logic:                 1  out of  63400     0%  

Slice Logic Distribution: 
 Number of LUT Flip Flop pairs used:      1
   Number with an unused Flip Flop:       1  out of      1   100%  
   Number with an unused LUT:             0  out of      1     0%  
   Number of fully used LUT-FF pairs:     0  out of      1     0%  
   Number of unique control sets:         0

IO Utilization: 
 Number of IOs:                         183
 Number of bonded IOBs:                 183  out of    210    87%  

Specific Feature Utilization:
 Number of Block RAM/FIFO:                1  out of    135     0%  
    Number using Block RAM only:          1
 Number of BUFG/BUFGCTRLs:                1  out of     32     3%  

---------------------------
Partition Resource Summary:
---------------------------

  No Partitions were found in this design.

---------------------------


=========================================================================
Timing Report

NOTE: THESE TIMING NUMBERS ARE ONLY A SYNTHESIS ESTIMATE.
      FOR ACCURATE TIMING INFORMATION PLEASE REFER TO THE TRACE REPORT
      GENERATED AFTER PLACE-and-ROUTE.

Clock Information:
------------------
-----------------------------------+------------------------+-------+
Clock Signal                       | Clock buffer(FF name)  | Load  |
-----------------------------------+------------------------+-------+
clk                                | BUFGP                  | 4     |
-----------------------------------+------------------------+-------+

Asynchronous Control Signals Information:
----------------------------------------
No asynchronous control signals found in this design

Timing Summary:
---------------
Speed Grade: -3

   Minimum period: No path found
   Minimum input arrival time before clock: 0.862ns
   Maximum output required time after clock: 2.125ns
   Maximum combinational path delay: 0.359ns

Timing Details:
---------------
All values displayed in nanoseconds (ns)

=========================================================================
Timing constraint: Default OFFSET IN BEFORE for Clock 'clk'
  Total number of paths / destination ports: 92 / 92
-------------------------------------------------------------------------
Offset:              0.862ns (Levels of Logic = 1)
  Source:            writeData<15> (PAD)
  Destination:       Mram_registerFile1 (RAM)
  Destination Clock: clk falling

  Data Path: writeData<15> to Mram_registerFile1
                                Gate     Net
    Cell:in->out      fanout   Delay   Delay  Logical Name (Net Name)
    ----------------------------------------  ------------
     IBUF:I->O             2   0.001   0.283  writeData_15_IBUF (writeData_15_IBUF)
     RAMB18E1:DIADI15          0.577          Mram_registerFile1
    ----------------------------------------
    Total                      0.862ns (0.578ns logic, 0.283ns route)
                                       (67.1% logic, 32.9% route)

=========================================================================
Timing constraint: Default OFFSET OUT AFTER for Clock 'clk'
  Total number of paths / destination ports: 64 / 64
-------------------------------------------------------------------------
Offset:              2.125ns (Levels of Logic = 1)
  Source:            Mram_registerFile (RAM)
  Destination:       readData1<31> (PAD)
  Source Clock:      clk falling

  Data Path: Mram_registerFile to readData1<31>
                                Gate     Net
    Cell:in->out      fanout   Delay   Delay  Logical Name (Net Name)
    ----------------------------------------  ------------
     RAMB18E1:CLKARDCLK->DOBDO15    1   1.846   0.279  Mram_registerFile (readData1_31_OBUF)
     OBUF:I->O                 0.000          readData1_31_OBUF (readData1<31>)
    ----------------------------------------
    Total                      2.125ns (1.846ns logic, 0.279ns route)
                                       (86.9% logic, 13.1% route)

=========================================================================
Timing constraint: Default path analysis
  Total number of paths / destination ports: 48 / 48
-------------------------------------------------------------------------
Delay:               0.359ns (Levels of Logic = 2)
  Source:            instruction<15> (PAD)
  Destination:       insaddress2<4> (PAD)

  Data Path: instruction<15> to insaddress2<4>
                                Gate     Net
    Cell:in->out      fanout   Delay   Delay  Logical Name (Net Name)
    ----------------------------------------  ------------
     IBUF:I->O            18   0.001   0.358  instruction_15_IBUF (signExt_15_OBUF)
     OBUF:I->O                 0.000          insaddress2_4_OBUF (insaddress2<4>)
    ----------------------------------------
    Total                      0.359ns (0.001ns logic, 0.358ns route)
                                       (0.3% logic, 99.7% route)

=========================================================================

Cross Clock Domains Report:
--------------------------

=========================================================================


Total REAL time to Xst completion: 11.00 secs
Total CPU time to Xst completion: 10.90 secs
 
--> 

Total memory usage is 4710664 kilobytes

Number of errors   :    0 (   0 filtered)
Number of warnings :    0 (   0 filtered)
Number of infos    :    2 (   0 filtered)

