Release 14.7 - xst P.20131013 (nt64)
Copyright (c) 1995-2013 Xilinx, Inc.  All rights reserved.
--> Parameter TMPDIR set to xst/projnav.tmp


Total REAL time to Xst completion: 1.00 secs
Total CPU time to Xst completion: 0.27 secs
 
--> Parameter xsthdpdir set to xst


Total REAL time to Xst completion: 1.00 secs
Total CPU time to Xst completion: 0.27 secs
 
--> Reading design: MIPS.prj

TABLE OF CONTENTS
  1) Synthesis Options Summary
  2) HDL Parsing
  3) HDL Elaboration
  4) HDL Synthesis
       4.1) HDL Synthesis Report
  5) Advanced HDL Synthesis
       5.1) Advanced HDL Synthesis Report
  6) Low Level Synthesis
  7) Partition Report
  8) Design Summary
       8.1) Primitive and Black Box Usage
       8.2) Device utilization summary
       8.3) Partition Resource Summary
       8.4) Timing Report
            8.4.1) Clock Information
            8.4.2) Asynchronous Control Signals Information
            8.4.3) Timing Summary
            8.4.4) Timing Details
            8.4.5) Cross Clock Domains Report


=========================================================================
*                      Synthesis Options Summary                        *
=========================================================================
---- Source Parameters
Input File Name                    : "MIPS.prj"
Ignore Synthesis Constraint File   : NO

---- Target Parameters
Output File Name                   : "MIPS"
Output Format                      : NGC
Target Device                      : xc7a100t-3-csg324

---- Source Options
Top Module Name                    : MIPS
Automatic FSM Extraction           : YES
FSM Encoding Algorithm             : Auto
Safe Implementation                : No
FSM Style                          : LUT
RAM Extraction                     : Yes
RAM Style                          : Auto
ROM Extraction                     : Yes
Shift Register Extraction          : YES
ROM Style                          : Auto
Resource Sharing                   : YES
Asynchronous To Synchronous        : NO
Shift Register Minimum Size        : 2
Use DSP Block                      : Auto
Automatic Register Balancing       : No

---- Target Options
LUT Combining                      : Auto
Reduce Control Sets                : Auto
Add IO Buffers                     : YES
Global Maximum Fanout              : 100000
Add Generic Clock Buffer(BUFG)     : 32
Register Duplication               : YES
Optimize Instantiated Primitives   : NO
Use Clock Enable                   : Auto
Use Synchronous Set                : Auto
Use Synchronous Reset              : Auto
Pack IO Registers into IOBs        : Auto
Equivalent register Removal        : YES

---- General Options
Optimization Goal                  : Speed
Optimization Effort                : 1
Power Reduction                    : NO
Keep Hierarchy                     : No
Netlist Hierarchy                  : As_Optimized
RTL Output                         : Yes
Global Optimization                : AllClockNets
Read Cores                         : YES
Write Timing Constraints           : NO
Cross Clock Analysis               : NO
Hierarchy Separator                : /
Bus Delimiter                      : <>
Case Specifier                     : Maintain
Slice Utilization Ratio            : 100
BRAM Utilization Ratio             : 100
DSP48 Utilization Ratio            : 100
Auto BRAM Packing                  : NO
Slice Utilization Ratio Delta      : 5

=========================================================================


=========================================================================
*                          HDL Parsing                                  *
=========================================================================
Analyzing Verilog file "D:\3D\IDM\Downloads\Documents\prog\Verilog\Computer_arc\WB.v" into library work
Parsing module <WB>.
Analyzing Verilog file "D:\3D\IDM\Downloads\Documents\prog\Verilog\Computer_arc\MEM_WB.v" into library work
Parsing module <MEM_WB>.
Analyzing Verilog file "D:\3D\IDM\Downloads\Documents\prog\Verilog\Computer_arc\memoryCache.v" into library work
Parsing module <memoryStage>.
Parsing module <dataMemCache>.
Analyzing Verilog file "D:\3D\IDM\Downloads\Documents\prog\Verilog\Computer_arc\IF_ID.v" into library work
Parsing module <IF_ID>.
Analyzing Verilog file "D:\3D\IDM\Downloads\Documents\prog\Verilog\Computer_arc\ID_EX.v" into library work
Parsing module <ID_EX>.
Analyzing Verilog file "D:\3D\IDM\Downloads\Documents\prog\Verilog\Computer_arc\fetch_cach.v" into library work
Parsing module <InstructionFetch>.
Parsing module <InstructionCache>.
Analyzing Verilog file "D:\3D\IDM\Downloads\Documents\prog\Verilog\Computer_arc\EX_MEM.v" into library work
Parsing module <EX_MEM>.
Analyzing Verilog file "D:\3D\IDM\Downloads\Documents\prog\Verilog\Computer_arc\execution.v" into library work
Parsing module <execution>.
Analyzing Verilog file "D:\3D\IDM\Downloads\Documents\prog\Verilog\Computer_arc\decode1.v" into library work
Parsing module <decode>.
Analyzing Verilog file "D:\3D\IDM\Downloads\Documents\prog\Verilog\Computer_arc\controlUnit.v" into library work
Parsing module <controlUnit>.
Analyzing Verilog file "D:\3D\IDM\Downloads\Documents\prog\Verilog\Computer_arc\MIPS.v" into library work
Parsing module <MIPS>.

=========================================================================
*                            HDL Elaboration                            *
=========================================================================

Elaborating module <MIPS>.

Elaborating module <InstructionFetch>.
Reading initialization file \"insMem.mem\".
WARNING:HDLCompiler:1670 - "D:\3D\IDM\Downloads\Documents\prog\Verilog\Computer_arc\fetch_cach.v" Line 37: Signal <insMem> in initial block is partially initialized.

Elaborating module <InstructionCache>.
WARNING:HDLCompiler:413 - "D:\3D\IDM\Downloads\Documents\prog\Verilog\Computer_arc\fetch_cach.v" Line 124: Result of 6-bit expression is truncated to fit in 5-bit target.
WARNING:HDLCompiler:413 - "D:\3D\IDM\Downloads\Documents\prog\Verilog\Computer_arc\fetch_cach.v" Line 73: Result of 31-bit expression is truncated to fit in 30-bit target.

Elaborating module <IF_ID>.
WARNING:HDLCompiler:413 - "D:\3D\IDM\Downloads\Documents\prog\Verilog\Computer_arc\IF_ID.v" Line 31: Result of 32-bit expression is truncated to fit in 30-bit target.

Elaborating module <decode>.
Reading initialization file \"regFile.mem\".
WARNING:HDLCompiler:413 - "D:\3D\IDM\Downloads\Documents\prog\Verilog\Computer_arc\decode1.v" Line 57: Result of 32-bit expression is truncated to fit in 30-bit target.
WARNING:HDLCompiler:189 - "D:\3D\IDM\Downloads\Documents\prog\Verilog\Computer_arc\MIPS.v" Line 111: Size mismatch in connection of port <regWrite>. Formal port size is 1-bit while actual signal size is 2-bit.

Elaborating module <controlUnit>.

Elaborating module <ID_EX>.

Elaborating module <execution>.
WARNING:HDLCompiler:91 - "D:\3D\IDM\Downloads\Documents\prog\Verilog\Computer_arc\execution.v" Line 112: Signal <readData1> missing in the sensitivity list is added for synthesis purposes. HDL and post-synthesis simulations may differ as a result.
WARNING:HDLCompiler:91 - "D:\3D\IDM\Downloads\Documents\prog\Verilog\Computer_arc\execution.v" Line 116: Signal <readData1> missing in the sensitivity list is added for synthesis purposes. HDL and post-synthesis simulations may differ as a result.
WARNING:HDLCompiler:91 - "D:\3D\IDM\Downloads\Documents\prog\Verilog\Computer_arc\execution.v" Line 120: Signal <readData1> missing in the sensitivity list is added for synthesis purposes. HDL and post-synthesis simulations may differ as a result.
WARNING:HDLCompiler:91 - "D:\3D\IDM\Downloads\Documents\prog\Verilog\Computer_arc\execution.v" Line 124: Signal <readData1> missing in the sensitivity list is added for synthesis purposes. HDL and post-synthesis simulations may differ as a result.
WARNING:HDLCompiler:91 - "D:\3D\IDM\Downloads\Documents\prog\Verilog\Computer_arc\execution.v" Line 128: Signal <readData1> missing in the sensitivity list is added for synthesis purposes. HDL and post-synthesis simulations may differ as a result.
WARNING:HDLCompiler:91 - "D:\3D\IDM\Downloads\Documents\prog\Verilog\Computer_arc\execution.v" Line 130: Signal <aluOp> missing in the sensitivity list is added for synthesis purposes. HDL and post-synthesis simulations may differ as a result.

Elaborating module <EX_MEM>.
WARNING:HDLCompiler:189 - "D:\3D\IDM\Downloads\Documents\prog\Verilog\Computer_arc\MIPS.v" Line 193: Size mismatch in connection of port <add_result>. Formal port size is 32-bit while actual signal size is 30-bit.

Elaborating module <memoryStage>.
Reading initialization file \"dataMem.mem\".
WARNING:HDLCompiler:1670 - "D:\3D\IDM\Downloads\Documents\prog\Verilog\Computer_arc\memoryCache.v" Line 40: Signal <data_mem> in initial block is partially initialized.

Elaborating module <dataMemCache>.
WARNING:HDLCompiler:413 - "D:\3D\IDM\Downloads\Documents\prog\Verilog\Computer_arc\memoryCache.v" Line 110: Result of 6-bit expression is truncated to fit in 5-bit target.

Elaborating module <MEM_WB>.

Elaborating module <WB>.
WARNING:Xst:2972 - "D:\3D\IDM\Downloads\Documents\prog\Verilog\Computer_arc\MIPS.v" line 84. All outputs of instance <instructionfetch> of block <InstructionFetch> are unconnected in block <MIPS>. Underlying logic will be removed.
WARNING:Xst:2972 - "D:\3D\IDM\Downloads\Documents\prog\Verilog\Computer_arc\MIPS.v" line 95. All outputs of instance <if_id> of block <IF_ID> are unconnected in block <MIPS>. Underlying logic will be removed.
WARNING:Xst:2972 - "D:\3D\IDM\Downloads\Documents\prog\Verilog\Computer_arc\MIPS.v" line 106. All outputs of instance <Decode> of block <decode> are unconnected in block <MIPS>. Underlying logic will be removed.
WARNING:Xst:2972 - "D:\3D\IDM\Downloads\Documents\prog\Verilog\Computer_arc\MIPS.v" line 121. All outputs of instance <control_unit> of block <controlUnit> are unconnected in block <MIPS>. Underlying logic will be removed.
WARNING:Xst:2972 - "D:\3D\IDM\Downloads\Documents\prog\Verilog\Computer_arc\MIPS.v" line 136. All outputs of instance <id_ex> of block <ID_EX> are unconnected in block <MIPS>. Underlying logic will be removed.
WARNING:Xst:2972 - "D:\3D\IDM\Downloads\Documents\prog\Verilog\Computer_arc\MIPS.v" line 161. All outputs of instance <execution> of block <execution> are unconnected in block <MIPS>. Underlying logic will be removed.
WARNING:Xst:2972 - "D:\3D\IDM\Downloads\Documents\prog\Verilog\Computer_arc\MIPS.v" line 180. All outputs of instance <ex_mem> of block <EX_MEM> are unconnected in block <MIPS>. Underlying logic will be removed.
WARNING:Xst:2972 - "D:\3D\IDM\Downloads\Documents\prog\Verilog\Computer_arc\MIPS.v" line 201. All outputs of instance <memory> of block <memoryStage> are unconnected in block <MIPS>. Underlying logic will be removed.
WARNING:Xst:2972 - "D:\3D\IDM\Downloads\Documents\prog\Verilog\Computer_arc\MIPS.v" line 217. All outputs of instance <memwb> of block <MEM_WB> are unconnected in block <MIPS>. Underlying logic will be removed.
WARNING:Xst:2972 - "D:\3D\IDM\Downloads\Documents\prog\Verilog\Computer_arc\MIPS.v" line 234. All outputs of instance <wb> of block <WB> are unconnected in block <MIPS>. Underlying logic will be removed.

=========================================================================
*                           HDL Synthesis                               *
=========================================================================

Synthesizing Unit <MIPS>.
    Related source file is "D:\3D\IDM\Downloads\Documents\prog\Verilog\Computer_arc\MIPS.v".
    Summary:
	no macro.
Unit <MIPS> synthesized.

Synthesizing Unit <InstructionCache>.
    Related source file is "D:\3D\IDM\Downloads\Documents\prog\Verilog\Computer_arc\fetch_cach.v".
    Found 1-bit register for signal <instruction<31>>.
    Found 1-bit register for signal <instruction<30>>.
    Found 1-bit register for signal <instruction<29>>.
    Found 1-bit register for signal <instruction<28>>.
    Found 1-bit register for signal <instruction<27>>.
    Found 1-bit register for signal <instruction<26>>.
    Found 1-bit register for signal <instruction<25>>.
    Found 1-bit register for signal <instruction<24>>.
    Found 1-bit register for signal <instruction<23>>.
    Found 1-bit register for signal <instruction<22>>.
    Found 1-bit register for signal <instruction<21>>.
    Found 1-bit register for signal <instruction<20>>.
    Found 1-bit register for signal <instruction<19>>.
    Found 1-bit register for signal <instruction<18>>.
    Found 1-bit register for signal <instruction<17>>.
    Found 1-bit register for signal <instruction<16>>.
    Found 1-bit register for signal <instruction<15>>.
    Found 1-bit register for signal <instruction<14>>.
    Found 1-bit register for signal <instruction<13>>.
    Found 1-bit register for signal <instruction<12>>.
    Found 1-bit register for signal <instruction<11>>.
    Found 1-bit register for signal <instruction<10>>.
    Found 1-bit register for signal <instruction<9>>.
    Found 1-bit register for signal <instruction<8>>.
    Found 1-bit register for signal <instruction<7>>.
    Found 1-bit register for signal <instruction<6>>.
    Found 1-bit register for signal <instruction<5>>.
    Found 1-bit register for signal <instruction<4>>.
    Found 1-bit register for signal <instruction<3>>.
    Found 1-bit register for signal <instruction<2>>.
    Found 1-bit register for signal <instruction<1>>.
    Found 1-bit register for signal <instruction<0>>.
    Found 1-bit register for signal <cache_0<1231>>.
    Found 1-bit register for signal <cache_0<1230>>.
    Found 1-bit register for signal <cache_0<1229>>.
    Found 1-bit register for signal <cache_0<1228>>.
    Found 1-bit register for signal <cache_0<1227>>.
    Found 1-bit register for signal <cache_0<1226>>.
    Found 1-bit register for signal <cache_0<1225>>.
    Found 1-bit register for signal <cache_0<1224>>.
    Found 1-bit register for signal <cache_0<1223>>.
    Found 1-bit register for signal <cache_0<1222>>.
    Found 1-bit register for signal <cache_0<1221>>.
    Found 1-bit register for signal <cache_0<1220>>.
    Found 1-bit register for signal <cache_0<1219>>.
    Found 1-bit register for signal <cache_0<1218>>.
    Found 1-bit register for signal <cache_0<1217>>.
    Found 1-bit register for signal <cache_0<1216>>.
    Found 1-bit register for signal <cache_0<1215>>.
    Found 1-bit register for signal <cache_0<1214>>.
    Found 1-bit register for signal <cache_0<1213>>.
    Found 1-bit register for signal <cache_0<1212>>.
    Found 1-bit register for signal <cache_0<1211>>.
    Found 1-bit register for signal <cache_0<1210>>.
    Found 1-bit register for signal <cache_0<1209>>.
    Found 1-bit register for signal <cache_0<1208>>.
    Found 1-bit register for signal <cache_0<1207>>.
    Found 1-bit register for signal <cache_0<1206>>.
    Found 1-bit register for signal <cache_0<1205>>.
    Found 1-bit register for signal <cache_0<1204>>.
    Found 1-bit register for signal <cache_0<1203>>.
    Found 1-bit register for signal <cache_0<1202>>.
    Found 1-bit register for signal <cache_0<1201>>.
    Found 1-bit register for signal <cache_0<1200>>.
    Found 1-bit register for signal <cache_0<1199>>.
    Found 1-bit register for signal <cache_0<1198>>.
    Found 1-bit register for signal <cache_0<1197>>.
    Found 1-bit register for signal <cache_0<1196>>.
    Found 1-bit register for signal <cache_0<1195>>.
    Found 1-bit register for signal <cache_0<1194>>.
    Found 1-bit register for signal <cache_0<1193>>.
    Found 1-bit register for signal <cache_0<1192>>.
    Found 1-bit register for signal <cache_0<1191>>.
    Found 1-bit register for signal <cache_0<1190>>.
    Found 1-bit register for signal <cache_0<1189>>.
    Found 1-bit register for signal <cache_0<1188>>.
    Found 1-bit register for signal <cache_0<1187>>.
    Found 1-bit register for signal <cache_0<1186>>.
    Found 1-bit register for signal <cache_0<1185>>.
    Found 1-bit register for signal <cache_0<1184>>.
    Found 1-bit register for signal <cache_0<1183>>.
    Found 1-bit register for signal <cache_0<1182>>.
    Found 1-bit register for signal <cache_0<1181>>.
    Found 1-bit register for signal <cache_0<1180>>.
    Found 1-bit register for signal <cache_0<1179>>.
    Found 1-bit register for signal <cache_0<1178>>.
    Found 1-bit register for signal <cache_0<1177>>.
    Found 1-bit register for signal <cache_0<1176>>.
    Found 1-bit register for signal <cache_0<1175>>.
    Found 1-bit register for signal <cache_0<1174>>.
    Found 1-bit register for signal <cache_0<1173>>.
    Found 1-bit register for signal <cache_0<1172>>.
    Found 1-bit register for signal <cache_0<1171>>.
    Found 1-bit register for signal <cache_0<1170>>.
    Found 1-bit register for signal <cache_0<1169>>.
    Found 1-bit register for signal <cache_0<1168>>.
    Found 1-bit register for signal <cache_0<1167>>.
    Found 1-bit register for signal <cache_0<1166>>.
    Found 1-bit register for signal <cache_0<1165>>.
    Found 1-bit register for signal <cache_0<1164>>.
    Found 1-bit register for signal <cache_0<1163>>.
    Found 1-bit register for signal <cache_0<1162>>.
    Found 1-bit register for signal <cache_0<1161>>.
    Found 1-bit register for signal <cache_0<1160>>.
    Found 1-bit register for signal <cache_0<1159>>.
    Found 1-bit register for signal <cache_0<1158>>.
    Found 1-bit register for signal <cache_0<1157>>.
    Found 1-bit register for signal <cache_0<1156>>.
    Found 1-bit register for signal <cache_0<1155>>.
    Found 1-bit register for signal <cache_0<1154>>.
    Found 1-bit register for signal <cache_0<1153>>.
    Found 1-bit register for signal <cache_0<1152>>.
    Found 1-bit register for signal <cache_0<1151>>.
    Found 1-bit register for signal <cache_0<1150>>.
    Found 1-bit register for signal <cache_0<1149>>.
    Found 1-bit register for signal <cache_0<1148>>.
    Found 1-bit register for signal <cache_0<1147>>.
    Found 1-bit register for signal <cache_0<1146>>.
    Found 1-bit register for signal <cache_0<1145>>.
    Found 1-bit register for signal <cache_0<1144>>.
    Found 1-bit register for signal <cache_0<1143>>.
    Found 1-bit register for signal <cache_0<1142>>.
    Found 1-bit register for signal <cache_0<1141>>.
    Found 1-bit register for signal <cache_0<1140>>.
    Found 1-bit register for signal <cache_0<1139>>.
    Found 1-bit register for signal <cache_0<1138>>.
    Found 1-bit register for signal <cache_0<1137>>.
    Found 1-bit register for signal <cache_0<1136>>.
    Found 1-bit register for signal <cache_0<1135>>.
    Found 1-bit register for signal <cache_0<1134>>.
    Found 1-bit register for signal <cache_0<1133>>.
    Found 1-bit register for signal <cache_0<1132>>.
    Found 1-bit register for signal <cache_0<1131>>.
    Found 1-bit register for signal <cache_0<1130>>.
    Found 1-bit register for signal <cache_0<1129>>.
    Found 1-bit register for signal <cache_0<1128>>.
    Found 1-bit register for signal <cache_0<1127>>.
    Found 1-bit register for signal <cache_0<1126>>.
    Found 1-bit register for signal <cache_0<1125>>.
    Found 1-bit register for signal <cache_0<1124>>.
    Found 1-bit register for signal <cache_0<1123>>.
    Found 1-bit register for signal <cache_0<1122>>.
    Found 1-bit register for signal <cache_0<1121>>.
    Found 1-bit register for signal <cache_0<1120>>.
    Found 1-bit register for signal <cache_0<1119>>.
    Found 1-bit register for signal <cache_0<1118>>.
    Found 1-bit register for signal <cache_0<1117>>.
    Found 1-bit register for signal <cache_0<1116>>.
    Found 1-bit register for signal <cache_0<1115>>.
    Found 1-bit register for signal <cache_0<1114>>.
    Found 1-bit register for signal <cache_0<1113>>.
    Found 1-bit register for signal <cache_0<1112>>.
    Found 1-bit register for signal <cache_0<1111>>.
    Found 1-bit register for signal <cache_0<1110>>.
    Found 1-bit register for signal <cache_0<1109>>.
    Found 1-bit register for signal <cache_0<1108>>.
    Found 1-bit register for signal <cache_0<1107>>.
    Found 1-bit register for signal <cache_0<1106>>.
    Found 1-bit register for signal <cache_0<1105>>.
    Found 1-bit register for signal <cache_0<1104>>.
    Found 1-bit register for signal <cache_0<1103>>.
    Found 1-bit register for signal <cache_0<1102>>.
    Found 1-bit register for signal <cache_0<1101>>.
    Found 1-bit register for signal <cache_0<1100>>.
    Found 1-bit register for signal <cache_0<1099>>.
    Found 1-bit register for signal <cache_0<1098>>.
    Found 1-bit register for signal <cache_0<1097>>.
    Found 1-bit register for signal <cache_0<1096>>.
    Found 1-bit register for signal <cache_0<1095>>.
    Found 1-bit register for signal <cache_0<1094>>.
    Found 1-bit register for signal <cache_0<1093>>.
    Found 1-bit register for signal <cache_0<1092>>.
    Found 1-bit register for signal <cache_0<1091>>.
    Found 1-bit register for signal <cache_0<1090>>.
    Found 1-bit register for signal <cache_0<1089>>.
    Found 1-bit register for signal <cache_0<1088>>.
    Found 1-bit register for signal <cache_0<1087>>.
    Found 1-bit register for signal <cache_0<1086>>.
    Found 1-bit register for signal <cache_0<1085>>.
    Found 1-bit register for signal <cache_0<1084>>.
    Found 1-bit register for signal <cache_0<1083>>.
    Found 1-bit register for signal <cache_0<1082>>.
    Found 1-bit register for signal <cache_0<1081>>.
    Found 1-bit register for signal <cache_0<1080>>.
    Found 1-bit register for signal <cache_0<1079>>.
    Found 1-bit register for signal <cache_0<1078>>.
    Found 1-bit register for signal <cache_0<1077>>.
    Found 1-bit register for signal <cache_0<1076>>.
    Found 1-bit register for signal <cache_0<1075>>.
    Found 1-bit register for signal <cache_0<1074>>.
    Found 1-bit register for signal <cache_0<1073>>.
    Found 1-bit register for signal <cache_0<1072>>.
    Found 1-bit register for signal <cache_0<1071>>.
    Found 1-bit register for signal <cache_0<1070>>.
    Found 1-bit register for signal <cache_0<1069>>.
    Found 1-bit register for signal <cache_0<1068>>.
    Found 1-bit register for signal <cache_0<1067>>.
    Found 1-bit register for signal <cache_0<1066>>.
    Found 1-bit register for signal <cache_0<1065>>.
    Found 1-bit register for signal <cache_0<1064>>.
    Found 1-bit register for signal <cache_0<1063>>.
    Found 1-bit register for signal <cache_0<1062>>.
    Found 1-bit register for signal <cache_0<1061>>.
    Found 1-bit register for signal <cache_0<1060>>.
    Found 1-bit register for signal <cache_0<1059>>.
    Found 1-bit register for signal <cache_0<1058>>.
    Found 1-bit register for signal <cache_0<1057>>.
    Found 1-bit register for signal <cache_0<1056>>.
    Found 1-bit register for signal <cache_0<1055>>.
    Found 1-bit register for signal <cache_0<1054>>.
    Found 1-bit register for signal <cache_0<1053>>.
    Found 1-bit register for signal <cache_0<1052>>.
    Found 1-bit register for signal <cache_0<1051>>.
    Found 1-bit register for signal <cache_0<1050>>.
    Found 1-bit register for signal <cache_0<1049>>.
    Found 1-bit register for signal <cache_0<1048>>.
    Found 1-bit register for signal <cache_0<1047>>.
    Found 1-bit register for signal <cache_0<1046>>.
    Found 1-bit register for signal <cache_0<1045>>.
    Found 1-bit register for signal <cache_0<1044>>.
    Found 1-bit register for signal <cache_0<1043>>.
    Found 1-bit register for signal <cache_0<1042>>.
    Found 1-bit register for signal <cache_0<1041>>.
    Found 1-bit register for signal <cache_0<1040>>.
    Found 1-bit register for signal <cache_0<1039>>.
    Found 1-bit register for signal <cache_0<1038>>.
    Found 1-bit register for signal <cache_0<1037>>.
    Found 1-bit register for signal <cache_0<1036>>.
    Found 1-bit register for signal <cache_0<1035>>.
    Found 1-bit register for signal <cache_0<1034>>.
    Found 1-bit register for signal <cache_0<1033>>.
    Found 1-bit register for signal <cache_0<1032>>.
    Found 1-bit register for signal <cache_0<1031>>.
    Found 1-bit register for signal <cache_0<1030>>.
    Found 1-bit register for signal <cache_0<1029>>.
    Found 1-bit register for signal <cache_0<1028>>.
    Found 1-bit register for signal <cache_0<1027>>.
    Found 1-bit register for signal <cache_0<1026>>.
    Found 1-bit register for signal <cache_0<1025>>.
    Found 1-bit register for signal <cache_0<1024>>.
    Found 1-bit register for signal <cache_0<1023>>.
    Found 1-bit register for signal <cache_0<1022>>.
    Found 1-bit register for signal <cache_0<1021>>.
    Found 1-bit register for signal <cache_0<1020>>.
    Found 1-bit register for signal <cache_0<1019>>.
    Found 1-bit register for signal <cache_0<1018>>.
    Found 1-bit register for signal <cache_0<1017>>.
    Found 1-bit register for signal <cache_0<1016>>.
    Found 1-bit register for signal <cache_0<1015>>.
    Found 1-bit register for signal <cache_0<1014>>.
    Found 1-bit register for signal <cache_0<1013>>.
    Found 1-bit register for signal <cache_0<1012>>.
    Found 1-bit register for signal <cache_0<1011>>.
    Found 1-bit register for signal <cache_0<1010>>.
    Found 1-bit register for signal <cache_0<1009>>.
    Found 1-bit register for signal <cache_0<1008>>.
    Found 1-bit register for signal <cache_0<1007>>.
    Found 1-bit register for signal <cache_0<1006>>.
    Found 1-bit register for signal <cache_0<1005>>.
    Found 1-bit register for signal <cache_0<1004>>.
    Found 1-bit register for signal <cache_0<1003>>.
    Found 1-bit register for signal <cache_0<1002>>.
    Found 1-bit register for signal <cache_0<1001>>.
    Found 1-bit register for signal <cache_0<1000>>.
    Found 1-bit register for signal <cache_0<999>>.
    Found 1-bit register for signal <cache_0<998>>.
    Found 1-bit register for signal <cache_0<997>>.
    Found 1-bit register for signal <cache_0<996>>.
    Found 1-bit register for signal <cache_0<995>>.
    Found 1-bit register for signal <cache_0<994>>.
    Found 1-bit register for signal <cache_0<993>>.
    Found 1-bit register for signal <cache_0<992>>.
    Found 1-bit register for signal <cache_0<991>>.
    Found 1-bit register for signal <cache_0<990>>.
    Found 1-bit register for signal <cache_0<989>>.
    Found 1-bit register for signal <cache_0<988>>.
    Found 1-bit register for signal <cache_0<987>>.
    Found 1-bit register for signal <cache_0<986>>.
    Found 1-bit register for signal <cache_0<985>>.
    Found 1-bit register for signal <cache_0<984>>.
    Found 1-bit register for signal <cache_0<983>>.
    Found 1-bit register for signal <cache_0<982>>.
    Found 1-bit register for signal <cache_0<981>>.
    Found 1-bit register for signal <cache_0<980>>.
    Found 1-bit register for signal <cache_0<979>>.
    Found 1-bit register for signal <cache_0<978>>.
    Found 1-bit register for signal <cache_0<977>>.
    Found 1-bit register for signal <cache_0<976>>.
    Found 1-bit register for signal <cache_0<975>>.
    Found 1-bit register for signal <cache_0<974>>.
    Found 1-bit register for signal <cache_0<973>>.
    Found 1-bit register for signal <cache_0<972>>.
    Found 1-bit register for signal <cache_0<971>>.
    Found 1-bit register for signal <cache_0<970>>.
    Found 1-bit register for signal <cache_0<969>>.
    Found 1-bit register for signal <cache_0<968>>.
    Found 1-bit register for signal <cache_0<967>>.
    Found 1-bit register for signal <cache_0<966>>.
    Found 1-bit register for signal <cache_0<965>>.
    Found 1-bit register for signal <cache_0<964>>.
    Found 1-bit register for signal <cache_0<963>>.
    Found 1-bit register for signal <cache_0<962>>.
    Found 1-bit register for signal <cache_0<961>>.
    Found 1-bit register for signal <cache_0<960>>.
    Found 1-bit register for signal <cache_0<959>>.
    Found 1-bit register for signal <cache_0<958>>.
    Found 1-bit register for signal <cache_0<957>>.
    Found 1-bit register for signal <cache_0<956>>.
    Found 1-bit register for signal <cache_0<955>>.
    Found 1-bit register for signal <cache_0<954>>.
    Found 1-bit register for signal <cache_0<953>>.
    Found 1-bit register for signal <cache_0<952>>.
    Found 1-bit register for signal <cache_0<951>>.
    Found 1-bit register for signal <cache_0<950>>.
    Found 1-bit register for signal <cache_0<949>>.
    Found 1-bit register for signal <cache_0<948>>.
    Found 1-bit register for signal <cache_0<947>>.
    Found 1-bit register for signal <cache_0<946>>.
    Found 1-bit register for signal <cache_0<945>>.
    Found 1-bit register for signal <cache_0<944>>.
    Found 1-bit register for signal <cache_0<943>>.
    Found 1-bit register for signal <cache_0<942>>.
    Found 1-bit register for signal <cache_0<941>>.
    Found 1-bit register for signal <cache_0<940>>.
    Found 1-bit register for signal <cache_0<939>>.
    Found 1-bit register for signal <cache_0<938>>.
    Found 1-bit register for signal <cache_0<937>>.
    Found 1-bit register for signal <cache_0<936>>.
    Found 1-bit register for signal <cache_0<935>>.
    Found 1-bit register for signal <cache_0<934>>.
    Found 1-bit register for signal <cache_0<933>>.
    Found 1-bit register for signal <cache_0<932>>.
    Found 1-bit register for signal <cache_0<931>>.
    Found 1-bit register for signal <cache_0<930>>.
    Found 1-bit register for signal <cache_0<929>>.
    Found 1-bit register for signal <cache_0<928>>.
    Found 1-bit register for signal <cache_0<927>>.
    Found 1-bit register for signal <cache_0<926>>.
    Found 1-bit register for signal <cache_0<925>>.
    Found 1-bit register for signal <cache_0<924>>.
    Found 1-bit register for signal <cache_0<923>>.
    Found 1-bit register for signal <cache_0<922>>.
    Found 1-bit register for signal <cache_0<921>>.
    Found 1-bit register for signal <cache_0<920>>.
    Found 1-bit register for signal <cache_0<919>>.
    Found 1-bit register for signal <cache_0<918>>.
    Found 1-bit register for signal <cache_0<917>>.
    Found 1-bit register for signal <cache_0<916>>.
    Found 1-bit register for signal <cache_0<915>>.
    Found 1-bit register for signal <cache_0<914>>.
    Found 1-bit register for signal <cache_0<913>>.
    Found 1-bit register for signal <cache_0<912>>.
    Found 1-bit register for signal <cache_0<911>>.
    Found 1-bit register for signal <cache_0<910>>.
    Found 1-bit register for signal <cache_0<909>>.
    Found 1-bit register for signal <cache_0<908>>.
    Found 1-bit register for signal <cache_0<907>>.
    Found 1-bit register for signal <cache_0<906>>.
    Found 1-bit register for signal <cache_0<905>>.
    Found 1-bit register for signal <cache_0<904>>.
    Found 1-bit register for signal <cache_0<903>>.
    Found 1-bit register for signal <cache_0<902>>.
    Found 1-bit register for signal <cache_0<901>>.
    Found 1-bit register for signal <cache_0<900>>.
    Found 1-bit register for signal <cache_0<899>>.
    Found 1-bit register for signal <cache_0<898>>.
    Found 1-bit register for signal <cache_0<897>>.
    Found 1-bit register for signal <cache_0<896>>.
    Found 1-bit register for signal <cache_0<895>>.
    Found 1-bit register for signal <cache_0<894>>.
    Found 1-bit register for signal <cache_0<893>>.
    Found 1-bit register for signal <cache_0<892>>.
    Found 1-bit register for signal <cache_0<891>>.
    Found 1-bit register for signal <cache_0<890>>.
    Found 1-bit register for signal <cache_0<889>>.
    Found 1-bit register for signal <cache_0<888>>.
    Found 1-bit register for signal <cache_0<887>>.
    Found 1-bit register for signal <cache_0<886>>.
    Found 1-bit register for signal <cache_0<885>>.
    Found 1-bit register for signal <cache_0<884>>.
    Found 1-bit register for signal <cache_0<883>>.
    Found 1-bit register for signal <cache_0<882>>.
    Found 1-bit register for signal <cache_0<881>>.
    Found 1-bit register for signal <cache_0<880>>.
    Found 1-bit register for signal <cache_0<879>>.
    Found 1-bit register for signal <cache_0<878>>.
    Found 1-bit register for signal <cache_0<877>>.
    Found 1-bit register for signal <cache_0<876>>.
    Found 1-bit register for signal <cache_0<875>>.
    Found 1-bit register for signal <cache_0<874>>.
    Found 1-bit register for signal <cache_0<873>>.
    Found 1-bit register for signal <cache_0<872>>.
    Found 1-bit register for signal <cache_0<871>>.
    Found 1-bit register for signal <cache_0<870>>.
    Found 1-bit register for signal <cache_0<869>>.
    Found 1-bit register for signal <cache_0<868>>.
    Found 1-bit register for signal <cache_0<867>>.
    Found 1-bit register for signal <cache_0<866>>.
    Found 1-bit register for signal <cache_0<865>>.
    Found 1-bit register for signal <cache_0<864>>.
    Found 1-bit register for signal <cache_0<863>>.
    Found 1-bit register for signal <cache_0<862>>.
    Found 1-bit register for signal <cache_0<861>>.
    Found 1-bit register for signal <cache_0<860>>.
    Found 1-bit register for signal <cache_0<859>>.
    Found 1-bit register for signal <cache_0<858>>.
    Found 1-bit register for signal <cache_0<857>>.
    Found 1-bit register for signal <cache_0<856>>.
    Found 1-bit register for signal <cache_0<855>>.
    Found 1-bit register for signal <cache_0<854>>.
    Found 1-bit register for signal <cache_0<853>>.
    Found 1-bit register for signal <cache_0<852>>.
    Found 1-bit register for signal <cache_0<851>>.
    Found 1-bit register for signal <cache_0<850>>.
    Found 1-bit register for signal <cache_0<849>>.
    Found 1-bit register for signal <cache_0<848>>.
    Found 1-bit register for signal <cache_0<847>>.
    Found 1-bit register for signal <cache_0<846>>.
    Found 1-bit register for signal <cache_0<845>>.
    Found 1-bit register for signal <cache_0<844>>.
    Found 1-bit register for signal <cache_0<843>>.
    Found 1-bit register for signal <cache_0<842>>.
    Found 1-bit register for signal <cache_0<841>>.
    Found 1-bit register for signal <cache_0<840>>.
    Found 1-bit register for signal <cache_0<839>>.
    Found 1-bit register for signal <cache_0<838>>.
    Found 1-bit register for signal <cache_0<837>>.
    Found 1-bit register for signal <cache_0<836>>.
    Found 1-bit register for signal <cache_0<835>>.
    Found 1-bit register for signal <cache_0<834>>.
    Found 1-bit register for signal <cache_0<833>>.
    Found 1-bit register for signal <cache_0<832>>.
    Found 1-bit register for signal <cache_0<831>>.
    Found 1-bit register for signal <cache_0<830>>.
    Found 1-bit register for signal <cache_0<829>>.
    Found 1-bit register for signal <cache_0<828>>.
    Found 1-bit register for signal <cache_0<827>>.
    Found 1-bit register for signal <cache_0<826>>.
    Found 1-bit register for signal <cache_0<825>>.
    Found 1-bit register for signal <cache_0<824>>.
    Found 1-bit register for signal <cache_0<823>>.
    Found 1-bit register for signal <cache_0<822>>.
    Found 1-bit register for signal <cache_0<821>>.
    Found 1-bit register for signal <cache_0<820>>.
    Found 1-bit register for signal <cache_0<819>>.
    Found 1-bit register for signal <cache_0<818>>.
    Found 1-bit register for signal <cache_0<817>>.
    Found 1-bit register for signal <cache_0<816>>.
    Found 1-bit register for signal <cache_0<815>>.
    Found 1-bit register for signal <cache_0<814>>.
    Found 1-bit register for signal <cache_0<813>>.
    Found 1-bit register for signal <cache_0<812>>.
    Found 1-bit register for signal <cache_0<811>>.
    Found 1-bit register for signal <cache_0<810>>.
    Found 1-bit register for signal <cache_0<809>>.
    Found 1-bit register for signal <cache_0<808>>.
    Found 1-bit register for signal <cache_0<807>>.
    Found 1-bit register for signal <cache_0<806>>.
    Found 1-bit register for signal <cache_0<805>>.
    Found 1-bit register for signal <cache_0<804>>.
    Found 1-bit register for signal <cache_0<803>>.
    Found 1-bit register for signal <cache_0<802>>.
    Found 1-bit register for signal <cache_0<801>>.
    Found 1-bit register for signal <cache_0<800>>.
    Found 1-bit register for signal <cache_0<799>>.
    Found 1-bit register for signal <cache_0<798>>.
    Found 1-bit register for signal <cache_0<797>>.
    Found 1-bit register for signal <cache_0<796>>.
    Found 1-bit register for signal <cache_0<795>>.
    Found 1-bit register for signal <cache_0<794>>.
    Found 1-bit register for signal <cache_0<793>>.
    Found 1-bit register for signal <cache_0<792>>.
    Found 1-bit register for signal <cache_0<791>>.
    Found 1-bit register for signal <cache_0<790>>.
    Found 1-bit register for signal <cache_0<789>>.
    Found 1-bit register for signal <cache_0<788>>.
    Found 1-bit register for signal <cache_0<787>>.
    Found 1-bit register for signal <cache_0<786>>.
    Found 1-bit register for signal <cache_0<785>>.
    Found 1-bit register for signal <cache_0<784>>.
    Found 1-bit register for signal <cache_0<783>>.
    Found 1-bit register for signal <cache_0<782>>.
    Found 1-bit register for signal <cache_0<781>>.
    Found 1-bit register for signal <cache_0<780>>.
    Found 1-bit register for signal <cache_0<779>>.
    Found 1-bit register for signal <cache_0<778>>.
    Found 1-bit register for signal <cache_0<777>>.
    Found 1-bit register for signal <cache_0<776>>.
    Found 1-bit register for signal <cache_0<775>>.
    Found 1-bit register for signal <cache_0<774>>.
    Found 1-bit register for signal <cache_0<773>>.
    Found 1-bit register for signal <cache_0<772>>.
    Found 1-bit register for signal <cache_0<771>>.
    Found 1-bit register for signal <cache_0<770>>.
    Found 1-bit register for signal <cache_0<769>>.
    Found 1-bit register for signal <cache_0<768>>.
    Found 1-bit register for signal <cache_0<767>>.
    Found 1-bit register for signal <cache_0<766>>.
    Found 1-bit register for signal <cache_0<765>>.
    Found 1-bit register for signal <cache_0<764>>.
    Found 1-bit register for signal <cache_0<763>>.
    Found 1-bit register for signal <cache_0<762>>.
    Found 1-bit register for signal <cache_0<761>>.
    Found 1-bit register for signal <cache_0<760>>.
    Found 1-bit register for signal <cache_0<759>>.
    Found 1-bit register for signal <cache_0<758>>.
    Found 1-bit register for signal <cache_0<757>>.
    Found 1-bit register for signal <cache_0<756>>.
    Found 1-bit register for signal <cache_0<755>>.
    Found 1-bit register for signal <cache_0<754>>.
    Found 1-bit register for signal <cache_0<753>>.
    Found 1-bit register for signal <cache_0<752>>.
    Found 1-bit register for signal <cache_0<751>>.
    Found 1-bit register for signal <cache_0<750>>.
    Found 1-bit register for signal <cache_0<749>>.
    Found 1-bit register for signal <cache_0<748>>.
    Found 1-bit register for signal <cache_0<747>>.
    Found 1-bit register for signal <cache_0<746>>.
    Found 1-bit register for signal <cache_0<745>>.
    Found 1-bit register for signal <cache_0<744>>.
    Found 1-bit register for signal <cache_0<743>>.
    Found 1-bit register for signal <cache_0<742>>.
    Found 1-bit register for signal <cache_0<741>>.
    Found 1-bit register for signal <cache_0<740>>.
    Found 1-bit register for signal <cache_0<739>>.
    Found 1-bit register for signal <cache_0<738>>.
    Found 1-bit register for signal <cache_0<737>>.
    Found 1-bit register for signal <cache_0<736>>.
    Found 1-bit register for signal <cache_0<735>>.
    Found 1-bit register for signal <cache_0<734>>.
    Found 1-bit register for signal <cache_0<733>>.
    Found 1-bit register for signal <cache_0<732>>.
    Found 1-bit register for signal <cache_0<731>>.
    Found 1-bit register for signal <cache_0<730>>.
    Found 1-bit register for signal <cache_0<729>>.
    Found 1-bit register for signal <cache_0<728>>.
    Found 1-bit register for signal <cache_0<727>>.
    Found 1-bit register for signal <cache_0<726>>.
    Found 1-bit register for signal <cache_0<725>>.
    Found 1-bit register for signal <cache_0<724>>.
    Found 1-bit register for signal <cache_0<723>>.
    Found 1-bit register for signal <cache_0<722>>.
    Found 1-bit register for signal <cache_0<721>>.
    Found 1-bit register for signal <cache_0<720>>.
    Found 1-bit register for signal <cache_0<719>>.
    Found 1-bit register for signal <cache_0<718>>.
    Found 1-bit register for signal <cache_0<717>>.
    Found 1-bit register for signal <cache_0<716>>.
    Found 1-bit register for signal <cache_0<715>>.
    Found 1-bit register for signal <cache_0<714>>.
    Found 1-bit register for signal <cache_0<713>>.
    Found 1-bit register for signal <cache_0<712>>.
    Found 1-bit register for signal <cache_0<711>>.
    Found 1-bit register for signal <cache_0<710>>.
    Found 1-bit register for signal <cache_0<709>>.
    Found 1-bit register for signal <cache_0<708>>.
    Found 1-bit register for signal <cache_0<707>>.
    Found 1-bit register for signal <cache_0<706>>.
    Found 1-bit register for signal <cache_0<705>>.
    Found 1-bit register for signal <cache_0<704>>.
    Found 1-bit register for signal <cache_0<703>>.
    Found 1-bit register for signal <cache_0<702>>.
    Found 1-bit register for signal <cache_0<701>>.
    Found 1-bit register for signal <cache_0<700>>.
    Found 1-bit register for signal <cache_0<699>>.
    Found 1-bit register for signal <cache_0<698>>.
    Found 1-bit register for signal <cache_0<697>>.
    Found 1-bit register for signal <cache_0<696>>.
    Found 1-bit register for signal <cache_0<695>>.
    Found 1-bit register for signal <cache_0<694>>.
    Found 1-bit register for signal <cache_0<693>>.
    Found 1-bit register for signal <cache_0<692>>.
    Found 1-bit register for signal <cache_0<691>>.
    Found 1-bit register for signal <cache_0<690>>.
    Found 1-bit register for signal <cache_0<689>>.
    Found 1-bit register for signal <cache_0<688>>.
    Found 1-bit register for signal <cache_0<687>>.
    Found 1-bit register for signal <cache_0<686>>.
    Found 1-bit register for signal <cache_0<685>>.
    Found 1-bit register for signal <cache_0<684>>.
    Found 1-bit register for signal <cache_0<683>>.
    Found 1-bit register for signal <cache_0<682>>.
    Found 1-bit register for signal <cache_0<681>>.
    Found 1-bit register for signal <cache_0<680>>.
    Found 1-bit register for signal <cache_0<679>>.
    Found 1-bit register for signal <cache_0<678>>.
    Found 1-bit register for signal <cache_0<677>>.
    Found 1-bit register for signal <cache_0<676>>.
    Found 1-bit register for signal <cache_0<675>>.
    Found 1-bit register for signal <cache_0<674>>.
    Found 1-bit register for signal <cache_0<673>>.
    Found 1-bit register for signal <cache_0<672>>.
    Found 1-bit register for signal <cache_0<671>>.
    Found 1-bit register for signal <cache_0<670>>.
    Found 1-bit register for signal <cache_0<669>>.
    Found 1-bit register for signal <cache_0<668>>.
    Found 1-bit register for signal <cache_0<667>>.
    Found 1-bit register for signal <cache_0<666>>.
    Found 1-bit register for signal <cache_0<665>>.
    Found 1-bit register for signal <cache_0<664>>.
    Found 1-bit register for signal <cache_0<663>>.
    Found 1-bit register for signal <cache_0<662>>.
    Found 1-bit register for signal <cache_0<661>>.
    Found 1-bit register for signal <cache_0<660>>.
    Found 1-bit register for signal <cache_0<659>>.
    Found 1-bit register for signal <cache_0<658>>.
    Found 1-bit register for signal <cache_0<657>>.
    Found 1-bit register for signal <cache_0<656>>.
    Found 1-bit register for signal <cache_0<655>>.
    Found 1-bit register for signal <cache_0<654>>.
    Found 1-bit register for signal <cache_0<653>>.
    Found 1-bit register for signal <cache_0<652>>.
    Found 1-bit register for signal <cache_0<651>>.
    Found 1-bit register for signal <cache_0<650>>.
    Found 1-bit register for signal <cache_0<649>>.
    Found 1-bit register for signal <cache_0<648>>.
    Found 1-bit register for signal <cache_0<647>>.
    Found 1-bit register for signal <cache_0<646>>.
    Found 1-bit register for signal <cache_0<645>>.
    Found 1-bit register for signal <cache_0<644>>.
    Found 1-bit register for signal <cache_0<643>>.
    Found 1-bit register for signal <cache_0<642>>.
    Found 1-bit register for signal <cache_0<641>>.
    Found 1-bit register for signal <cache_0<640>>.
    Found 1-bit register for signal <cache_0<639>>.
    Found 1-bit register for signal <cache_0<638>>.
    Found 1-bit register for signal <cache_0<637>>.
    Found 1-bit register for signal <cache_0<636>>.
    Found 1-bit register for signal <cache_0<635>>.
    Found 1-bit register for signal <cache_0<634>>.
    Found 1-bit register for signal <cache_0<633>>.
    Found 1-bit register for signal <cache_0<632>>.
    Found 1-bit register for signal <cache_0<631>>.
    Found 1-bit register for signal <cache_0<630>>.
    Found 1-bit register for signal <cache_0<629>>.
    Found 1-bit register for signal <cache_0<628>>.
    Found 1-bit register for signal <cache_0<627>>.
    Found 1-bit register for signal <cache_0<626>>.
    Found 1-bit register for signal <cache_0<625>>.
    Found 1-bit register for signal <cache_0<624>>.
    Found 1-bit register for signal <cache_0<623>>.
    Found 1-bit register for signal <cache_0<622>>.
    Found 1-bit register for signal <cache_0<621>>.
    Found 1-bit register for signal <cache_0<620>>.
    Found 1-bit register for signal <cache_0<619>>.
    Found 1-bit register for signal <cache_0<618>>.
    Found 1-bit register for signal <cache_0<617>>.
    Found 1-bit register for signal <cache_0<616>>.
    Found 1-bit register for signal <cache_0<615>>.
    Found 1-bit register for signal <cache_0<614>>.
    Found 1-bit register for signal <cache_0<613>>.
    Found 1-bit register for signal <cache_0<612>>.
    Found 1-bit register for signal <cache_0<611>>.
    Found 1-bit register for signal <cache_0<610>>.
    Found 1-bit register for signal <cache_0<609>>.
    Found 1-bit register for signal <cache_0<608>>.
    Found 1-bit register for signal <cache_0<607>>.
    Found 1-bit register for signal <cache_0<606>>.
    Found 1-bit register for signal <cache_0<605>>.
    Found 1-bit register for signal <cache_0<604>>.
    Found 1-bit register for signal <cache_0<603>>.
    Found 1-bit register for signal <cache_0<602>>.
    Found 1-bit register for signal <cache_0<601>>.
    Found 1-bit register for signal <cache_0<600>>.
    Found 1-bit register for signal <cache_0<599>>.
    Found 1-bit register for signal <cache_0<598>>.
    Found 1-bit register for signal <cache_0<597>>.
    Found 1-bit register for signal <cache_0<596>>.
    Found 1-bit register for signal <cache_0<595>>.
    Found 1-bit register for signal <cache_0<594>>.
    Found 1-bit register for signal <cache_0<593>>.
    Found 1-bit register for signal <cache_0<592>>.
    Found 1-bit register for signal <cache_0<591>>.
    Found 1-bit register for signal <cache_0<590>>.
    Found 1-bit register for signal <cache_0<589>>.
    Found 1-bit register for signal <cache_0<588>>.
    Found 1-bit register for signal <cache_0<587>>.
    Found 1-bit register for signal <cache_0<586>>.
    Found 1-bit register for signal <cache_0<585>>.
    Found 1-bit register for signal <cache_0<584>>.
    Found 1-bit register for signal <cache_0<583>>.
    Found 1-bit register for signal <cache_0<582>>.
    Found 1-bit register for signal <cache_0<581>>.
    Found 1-bit register for signal <cache_0<580>>.
    Found 1-bit register for signal <cache_0<579>>.
    Found 1-bit register for signal <cache_0<578>>.
    Found 1-bit register for signal <cache_0<577>>.
    Found 1-bit register for signal <cache_0<576>>.
    Found 1-bit register for signal <cache_0<575>>.
    Found 1-bit register for signal <cache_0<574>>.
    Found 1-bit register for signal <cache_0<573>>.
    Found 1-bit register for signal <cache_0<572>>.
    Found 1-bit register for signal <cache_0<571>>.
    Found 1-bit register for signal <cache_0<570>>.
    Found 1-bit register for signal <cache_0<569>>.
    Found 1-bit register for signal <cache_0<568>>.
    Found 1-bit register for signal <cache_0<567>>.
    Found 1-bit register for signal <cache_0<566>>.
    Found 1-bit register for signal <cache_0<565>>.
    Found 1-bit register for signal <cache_0<564>>.
    Found 1-bit register for signal <cache_0<563>>.
    Found 1-bit register for signal <cache_0<562>>.
    Found 1-bit register for signal <cache_0<561>>.
    Found 1-bit register for signal <cache_0<560>>.
    Found 1-bit register for signal <cache_0<559>>.
    Found 1-bit register for signal <cache_0<558>>.
    Found 1-bit register for signal <cache_0<557>>.
    Found 1-bit register for signal <cache_0<556>>.
    Found 1-bit register for signal <cache_0<555>>.
    Found 1-bit register for signal <cache_0<554>>.
    Found 1-bit register for signal <cache_0<553>>.
    Found 1-bit register for signal <cache_0<552>>.
    Found 1-bit register for signal <cache_0<551>>.
    Found 1-bit register for signal <cache_0<550>>.
    Found 1-bit register for signal <cache_0<549>>.
    Found 1-bit register for signal <cache_0<548>>.
    Found 1-bit register for signal <cache_0<547>>.
    Found 1-bit register for signal <cache_0<546>>.
    Found 1-bit register for signal <cache_0<545>>.
    Found 1-bit register for signal <cache_0<544>>.
    Found 1-bit register for signal <cache_0<543>>.
    Found 1-bit register for signal <cache_0<542>>.
    Found 1-bit register for signal <cache_0<541>>.
    Found 1-bit register for signal <cache_0<540>>.
    Found 1-bit register for signal <cache_0<539>>.
    Found 1-bit register for signal <cache_0<538>>.
    Found 1-bit register for signal <cache_0<537>>.
    Found 1-bit register for signal <cache_0<536>>.
    Found 1-bit register for signal <cache_0<535>>.
    Found 1-bit register for signal <cache_0<534>>.
    Found 1-bit register for signal <cache_0<533>>.
    Found 1-bit register for signal <cache_0<532>>.
    Found 1-bit register for signal <cache_0<531>>.
    Found 1-bit register for signal <cache_0<530>>.
    Found 1-bit register for signal <cache_0<529>>.
    Found 1-bit register for signal <cache_0<528>>.
    Found 1-bit register for signal <cache_0<527>>.
    Found 1-bit register for signal <cache_0<526>>.
    Found 1-bit register for signal <cache_0<525>>.
    Found 1-bit register for signal <cache_0<524>>.
    Found 1-bit register for signal <cache_0<523>>.
    Found 1-bit register for signal <cache_0<522>>.
    Found 1-bit register for signal <cache_0<521>>.
    Found 1-bit register for signal <cache_0<520>>.
    Found 1-bit register for signal <cache_0<519>>.
    Found 1-bit register for signal <cache_0<518>>.
    Found 1-bit register for signal <cache_0<517>>.
    Found 1-bit register for signal <cache_0<516>>.
    Found 1-bit register for signal <cache_0<515>>.
    Found 1-bit register for signal <cache_0<514>>.
    Found 1-bit register for signal <cache_0<513>>.
    Found 1-bit register for signal <cache_0<512>>.
    Found 1-bit register for signal <cache_0<511>>.
    Found 1-bit register for signal <cache_0<510>>.
    Found 1-bit register for signal <cache_0<509>>.
    Found 1-bit register for signal <cache_0<508>>.
    Found 1-bit register for signal <cache_0<507>>.
    Found 1-bit register for signal <cache_0<506>>.
    Found 1-bit register for signal <cache_0<505>>.
    Found 1-bit register for signal <cache_0<504>>.
    Found 1-bit register for signal <cache_0<503>>.
    Found 1-bit register for signal <cache_0<502>>.
    Found 1-bit register for signal <cache_0<501>>.
    Found 1-bit register for signal <cache_0<500>>.
    Found 1-bit register for signal <cache_0<499>>.
    Found 1-bit register for signal <cache_0<498>>.
    Found 1-bit register for signal <cache_0<497>>.
    Found 1-bit register for signal <cache_0<496>>.
    Found 1-bit register for signal <cache_0<495>>.
    Found 1-bit register for signal <cache_0<494>>.
    Found 1-bit register for signal <cache_0<493>>.
    Found 1-bit register for signal <cache_0<492>>.
    Found 1-bit register for signal <cache_0<491>>.
    Found 1-bit register for signal <cache_0<490>>.
    Found 1-bit register for signal <cache_0<489>>.
    Found 1-bit register for signal <cache_0<488>>.
    Found 1-bit register for signal <cache_0<487>>.
    Found 1-bit register for signal <cache_0<486>>.
    Found 1-bit register for signal <cache_0<485>>.
    Found 1-bit register for signal <cache_0<484>>.
    Found 1-bit register for signal <cache_0<483>>.
    Found 1-bit register for signal <cache_0<482>>.
    Found 1-bit register for signal <cache_0<481>>.
    Found 1-bit register for signal <cache_0<480>>.
    Found 1-bit register for signal <cache_0<479>>.
    Found 1-bit register for signal <cache_0<478>>.
    Found 1-bit register for signal <cache_0<477>>.
    Found 1-bit register for signal <cache_0<476>>.
    Found 1-bit register for signal <cache_0<475>>.
    Found 1-bit register for signal <cache_0<474>>.
    Found 1-bit register for signal <cache_0<473>>.
    Found 1-bit register for signal <cache_0<472>>.
    Found 1-bit register for signal <cache_0<471>>.
    Found 1-bit register for signal <cache_0<470>>.
    Found 1-bit register for signal <cache_0<469>>.
    Found 1-bit register for signal <cache_0<468>>.
    Found 1-bit register for signal <cache_0<467>>.
    Found 1-bit register for signal <cache_0<466>>.
    Found 1-bit register for signal <cache_0<465>>.
    Found 1-bit register for signal <cache_0<464>>.
    Found 1-bit register for signal <cache_0<463>>.
    Found 1-bit register for signal <cache_0<462>>.
    Found 1-bit register for signal <cache_0<461>>.
    Found 1-bit register for signal <cache_0<460>>.
    Found 1-bit register for signal <cache_0<459>>.
    Found 1-bit register for signal <cache_0<458>>.
    Found 1-bit register for signal <cache_0<457>>.
    Found 1-bit register for signal <cache_0<456>>.
    Found 1-bit register for signal <cache_0<455>>.
    Found 1-bit register for signal <cache_0<454>>.
    Found 1-bit register for signal <cache_0<453>>.
    Found 1-bit register for signal <cache_0<452>>.
    Found 1-bit register for signal <cache_0<451>>.
    Found 1-bit register for signal <cache_0<450>>.
    Found 1-bit register for signal <cache_0<449>>.
    Found 1-bit register for signal <cache_0<448>>.
    Found 1-bit register for signal <cache_0<447>>.
    Found 1-bit register for signal <cache_0<446>>.
    Found 1-bit register for signal <cache_0<445>>.
    Found 1-bit register for signal <cache_0<444>>.
    Found 1-bit register for signal <cache_0<443>>.
    Found 1-bit register for signal <cache_0<442>>.
    Found 1-bit register for signal <cache_0<441>>.
    Found 1-bit register for signal <cache_0<440>>.
    Found 1-bit register for signal <cache_0<439>>.
    Found 1-bit register for signal <cache_0<438>>.
    Found 1-bit register for signal <cache_0<437>>.
    Found 1-bit register for signal <cache_0<436>>.
    Found 1-bit register for signal <cache_0<435>>.
    Found 1-bit register for signal <cache_0<434>>.
    Found 1-bit register for signal <cache_0<433>>.
    Found 1-bit register for signal <cache_0<432>>.
    Found 1-bit register for signal <cache_0<431>>.
    Found 1-bit register for signal <cache_0<430>>.
    Found 1-bit register for signal <cache_0<429>>.
    Found 1-bit register for signal <cache_0<428>>.
    Found 1-bit register for signal <cache_0<427>>.
    Found 1-bit register for signal <cache_0<426>>.
    Found 1-bit register for signal <cache_0<425>>.
    Found 1-bit register for signal <cache_0<424>>.
    Found 1-bit register for signal <cache_0<423>>.
    Found 1-bit register for signal <cache_0<422>>.
    Found 1-bit register for signal <cache_0<421>>.
    Found 1-bit register for signal <cache_0<420>>.
    Found 1-bit register for signal <cache_0<419>>.
    Found 1-bit register for signal <cache_0<418>>.
    Found 1-bit register for signal <cache_0<417>>.
    Found 1-bit register for signal <cache_0<416>>.
    Found 1-bit register for signal <cache_0<415>>.
    Found 1-bit register for signal <cache_0<414>>.
    Found 1-bit register for signal <cache_0<413>>.
    Found 1-bit register for signal <cache_0<412>>.
    Found 1-bit register for signal <cache_0<411>>.
    Found 1-bit register for signal <cache_0<410>>.
    Found 1-bit register for signal <cache_0<409>>.
    Found 1-bit register for signal <cache_0<408>>.
    Found 1-bit register for signal <cache_0<407>>.
    Found 1-bit register for signal <cache_0<406>>.
    Found 1-bit register for signal <cache_0<405>>.
    Found 1-bit register for signal <cache_0<404>>.
    Found 1-bit register for signal <cache_0<403>>.
    Found 1-bit register for signal <cache_0<402>>.
    Found 1-bit register for signal <cache_0<401>>.
    Found 1-bit register for signal <cache_0<400>>.
    Found 1-bit register for signal <cache_0<399>>.
    Found 1-bit register for signal <cache_0<398>>.
    Found 1-bit register for signal <cache_0<397>>.
    Found 1-bit register for signal <cache_0<396>>.
    Found 1-bit register for signal <cache_0<395>>.
    Found 1-bit register for signal <cache_0<394>>.
    Found 1-bit register for signal <cache_0<393>>.
    Found 1-bit register for signal <cache_0<392>>.
    Found 1-bit register for signal <cache_0<391>>.
    Found 1-bit register for signal <cache_0<390>>.
    Found 1-bit register for signal <cache_0<389>>.
    Found 1-bit register for signal <cache_0<388>>.
    Found 1-bit register for signal <cache_0<387>>.
    Found 1-bit register for signal <cache_0<386>>.
    Found 1-bit register for signal <cache_0<385>>.
    Found 1-bit register for signal <cache_0<384>>.
    Found 1-bit register for signal <cache_0<383>>.
    Found 1-bit register for signal <cache_0<382>>.
    Found 1-bit register for signal <cache_0<381>>.
    Found 1-bit register for signal <cache_0<380>>.
    Found 1-bit register for signal <cache_0<379>>.
    Found 1-bit register for signal <cache_0<378>>.
    Found 1-bit register for signal <cache_0<377>>.
    Found 1-bit register for signal <cache_0<376>>.
    Found 1-bit register for signal <cache_0<375>>.
    Found 1-bit register for signal <cache_0<374>>.
    Found 1-bit register for signal <cache_0<373>>.
    Found 1-bit register for signal <cache_0<372>>.
    Found 1-bit register for signal <cache_0<371>>.
    Found 1-bit register for signal <cache_0<370>>.
    Found 1-bit register for signal <cache_0<369>>.
    Found 1-bit register for signal <cache_0<368>>.
    Found 1-bit register for signal <cache_0<367>>.
    Found 1-bit register for signal <cache_0<366>>.
    Found 1-bit register for signal <cache_0<365>>.
    Found 1-bit register for signal <cache_0<364>>.
    Found 1-bit register for signal <cache_0<363>>.
    Found 1-bit register for signal <cache_0<362>>.
    Found 1-bit register for signal <cache_0<361>>.
    Found 1-bit register for signal <cache_0<360>>.
    Found 1-bit register for signal <cache_0<359>>.
    Found 1-bit register for signal <cache_0<358>>.
    Found 1-bit register for signal <cache_0<357>>.
    Found 1-bit register for signal <cache_0<356>>.
    Found 1-bit register for signal <cache_0<355>>.
    Found 1-bit register for signal <cache_0<354>>.
    Found 1-bit register for signal <cache_0<353>>.
    Found 1-bit register for signal <cache_0<352>>.
    Found 1-bit register for signal <cache_0<351>>.
    Found 1-bit register for signal <cache_0<350>>.
    Found 1-bit register for signal <cache_0<349>>.
    Found 1-bit register for signal <cache_0<348>>.
    Found 1-bit register for signal <cache_0<347>>.
    Found 1-bit register for signal <cache_0<346>>.
    Found 1-bit register for signal <cache_0<345>>.
    Found 1-bit register for signal <cache_0<344>>.
    Found 1-bit register for signal <cache_0<343>>.
    Found 1-bit register for signal <cache_0<342>>.
    Found 1-bit register for signal <cache_0<341>>.
    Found 1-bit register for signal <cache_0<340>>.
    Found 1-bit register for signal <cache_0<339>>.
    Found 1-bit register for signal <cache_0<338>>.
    Found 1-bit register for signal <cache_0<337>>.
    Found 1-bit register for signal <cache_0<336>>.
    Found 1-bit register for signal <cache_0<335>>.
    Found 1-bit register for signal <cache_0<334>>.
    Found 1-bit register for signal <cache_0<333>>.
    Found 1-bit register for signal <cache_0<332>>.
    Found 1-bit register for signal <cache_0<331>>.
    Found 1-bit register for signal <cache_0<330>>.
    Found 1-bit register for signal <cache_0<329>>.
    Found 1-bit register for signal <cache_0<328>>.
    Found 1-bit register for signal <cache_0<327>>.
    Found 1-bit register for signal <cache_0<326>>.
    Found 1-bit register for signal <cache_0<325>>.
    Found 1-bit register for signal <cache_0<324>>.
    Found 1-bit register for signal <cache_0<323>>.
    Found 1-bit register for signal <cache_0<322>>.
    Found 1-bit register for signal <cache_0<321>>.
    Found 1-bit register for signal <cache_0<320>>.
    Found 1-bit register for signal <cache_0<319>>.
    Found 1-bit register for signal <cache_0<318>>.
    Found 1-bit register for signal <cache_0<317>>.
    Found 1-bit register for signal <cache_0<316>>.
    Found 1-bit register for signal <cache_0<315>>.
    Found 1-bit register for signal <cache_0<314>>.
    Found 1-bit register for signal <cache_0<313>>.
    Found 1-bit register for signal <cache_0<312>>.
    Found 1-bit register for signal <cache_0<311>>.
    Found 1-bit register for signal <cache_0<310>>.
    Found 1-bit register for signal <cache_0<309>>.
    Found 1-bit register for signal <cache_0<308>>.
    Found 1-bit register for signal <cache_0<307>>.
    Found 1-bit register for signal <cache_0<306>>.
    Found 1-bit register for signal <cache_0<305>>.
    Found 1-bit register for signal <cache_0<304>>.
    Found 1-bit register for signal <cache_0<303>>.
    Found 1-bit register for signal <cache_0<302>>.
    Found 1-bit register for signal <cache_0<301>>.
    Found 1-bit register for signal <cache_0<300>>.
    Found 1-bit register for signal <cache_0<299>>.
    Found 1-bit register for signal <cache_0<298>>.
    Found 1-bit register for signal <cache_0<297>>.
    Found 1-bit register for signal <cache_0<296>>.
    Found 1-bit register for signal <cache_0<295>>.
    Found 1-bit register for signal <cache_0<294>>.
    Found 1-bit register for signal <cache_0<293>>.
    Found 1-bit register for signal <cache_0<292>>.
    Found 1-bit register for signal <cache_0<291>>.
    Found 1-bit register for signal <cache_0<290>>.
    Found 1-bit register for signal <cache_0<289>>.
    Found 1-bit register for signal <cache_0<288>>.
    Found 1-bit register for signal <cache_0<287>>.
    Found 1-bit register for signal <cache_0<286>>.
    Found 1-bit register for signal <cache_0<285>>.
    Found 1-bit register for signal <cache_0<284>>.
    Found 1-bit register for signal <cache_0<283>>.
    Found 1-bit register for signal <cache_0<282>>.
    Found 1-bit register for signal <cache_0<281>>.
    Found 1-bit register for signal <cache_0<280>>.
    Found 1-bit register for signal <cache_0<279>>.
    Found 1-bit register for signal <cache_0<278>>.
    Found 1-bit register for signal <cache_0<277>>.
    Found 1-bit register for signal <cache_0<276>>.
    Found 1-bit register for signal <cache_0<275>>.
    Found 1-bit register for signal <cache_0<274>>.
    Found 1-bit register for signal <cache_0<273>>.
    Found 1-bit register for signal <cache_0<272>>.
    Found 1-bit register for signal <cache_0<271>>.
    Found 1-bit register for signal <cache_0<270>>.
    Found 1-bit register for signal <cache_0<269>>.
    Found 1-bit register for signal <cache_0<268>>.
    Found 1-bit register for signal <cache_0<267>>.
    Found 1-bit register for signal <cache_0<266>>.
    Found 1-bit register for signal <cache_0<265>>.
    Found 1-bit register for signal <cache_0<264>>.
    Found 1-bit register for signal <cache_0<263>>.
    Found 1-bit register for signal <cache_0<262>>.
    Found 1-bit register for signal <cache_0<261>>.
    Found 1-bit register for signal <cache_0<260>>.
    Found 1-bit register for signal <cache_0<259>>.
    Found 1-bit register for signal <cache_0<258>>.
    Found 1-bit register for signal <cache_0<257>>.
    Found 1-bit register for signal <cache_0<256>>.
    Found 1-bit register for signal <cache_0<255>>.
    Found 1-bit register for signal <cache_0<254>>.
    Found 1-bit register for signal <cache_0<253>>.
    Found 1-bit register for signal <cache_0<252>>.
    Found 1-bit register for signal <cache_0<251>>.
    Found 1-bit register for signal <cache_0<250>>.
    Found 1-bit register for signal <cache_0<249>>.
    Found 1-bit register for signal <cache_0<248>>.
    Found 1-bit register for signal <cache_0<247>>.
    Found 1-bit register for signal <cache_0<246>>.
    Found 1-bit register for signal <cache_0<245>>.
    Found 1-bit register for signal <cache_0<244>>.
    Found 1-bit register for signal <cache_0<243>>.
    Found 1-bit register for signal <cache_0<242>>.
    Found 1-bit register for signal <cache_0<241>>.
    Found 1-bit register for signal <cache_0<240>>.
    Found 1-bit register for signal <cache_0<239>>.
    Found 1-bit register for signal <cache_0<238>>.
    Found 1-bit register for signal <cache_0<237>>.
    Found 1-bit register for signal <cache_0<236>>.
    Found 1-bit register for signal <cache_0<235>>.
    Found 1-bit register for signal <cache_0<234>>.
    Found 1-bit register for signal <cache_0<233>>.
    Found 1-bit register for signal <cache_0<232>>.
    Found 1-bit register for signal <cache_0<231>>.
    Found 1-bit register for signal <cache_0<230>>.
    Found 1-bit register for signal <cache_0<229>>.
    Found 1-bit register for signal <cache_0<228>>.
    Found 1-bit register for signal <cache_0<227>>.
    Found 1-bit register for signal <cache_0<226>>.
    Found 1-bit register for signal <cache_0<225>>.
    Found 1-bit register for signal <cache_0<224>>.
    Found 1-bit register for signal <cache_0<223>>.
    Found 1-bit register for signal <cache_0<222>>.
    Found 1-bit register for signal <cache_0<221>>.
    Found 1-bit register for signal <cache_0<220>>.
    Found 1-bit register for signal <cache_0<219>>.
    Found 1-bit register for signal <cache_0<218>>.
    Found 1-bit register for signal <cache_0<217>>.
    Found 1-bit register for signal <cache_0<216>>.
    Found 1-bit register for signal <cache_0<215>>.
    Found 1-bit register for signal <cache_0<214>>.
    Found 1-bit register for signal <cache_0<213>>.
    Found 1-bit register for signal <cache_0<212>>.
    Found 1-bit register for signal <cache_0<211>>.
    Found 1-bit register for signal <cache_0<210>>.
    Found 1-bit register for signal <cache_0<209>>.
    Found 1-bit register for signal <cache_0<208>>.
    Found 1-bit register for signal <cache_0<207>>.
    Found 1-bit register for signal <cache_0<206>>.
    Found 1-bit register for signal <cache_0<205>>.
    Found 1-bit register for signal <cache_0<204>>.
    Found 1-bit register for signal <cache_0<203>>.
    Found 1-bit register for signal <cache_0<202>>.
    Found 1-bit register for signal <cache_0<201>>.
    Found 1-bit register for signal <cache_0<200>>.
    Found 1-bit register for signal <cache_0<199>>.
    Found 1-bit register for signal <cache_0<198>>.
    Found 1-bit register for signal <cache_0<197>>.
    Found 1-bit register for signal <cache_0<196>>.
    Found 1-bit register for signal <cache_0<195>>.
    Found 1-bit register for signal <cache_0<194>>.
    Found 1-bit register for signal <cache_0<193>>.
    Found 1-bit register for signal <cache_0<192>>.
    Found 1-bit register for signal <cache_0<191>>.
    Found 1-bit register for signal <cache_0<190>>.
    Found 1-bit register for signal <cache_0<189>>.
    Found 1-bit register for signal <cache_0<188>>.
    Found 1-bit register for signal <cache_0<187>>.
    Found 1-bit register for signal <cache_0<186>>.
    Found 1-bit register for signal <cache_0<185>>.
    Found 1-bit register for signal <cache_0<184>>.
    Found 1-bit register for signal <cache_0<183>>.
    Found 1-bit register for signal <cache_0<182>>.
    Found 1-bit register for signal <cache_0<181>>.
    Found 1-bit register for signal <cache_0<180>>.
    Found 1-bit register for signal <cache_0<179>>.
    Found 1-bit register for signal <cache_0<178>>.
    Found 1-bit register for signal <cache_0<177>>.
    Found 1-bit register for signal <cache_0<176>>.
    Found 1-bit register for signal <cache_0<175>>.
    Found 1-bit register for signal <cache_0<174>>.
    Found 1-bit register for signal <cache_0<173>>.
    Found 1-bit register for signal <cache_0<172>>.
    Found 1-bit register for signal <cache_0<171>>.
    Found 1-bit register for signal <cache_0<170>>.
    Found 1-bit register for signal <cache_0<169>>.
    Found 1-bit register for signal <cache_0<168>>.
    Found 1-bit register for signal <cache_0<167>>.
    Found 1-bit register for signal <cache_0<166>>.
    Found 1-bit register for signal <cache_0<165>>.
    Found 1-bit register for signal <cache_0<164>>.
    Found 1-bit register for signal <cache_0<163>>.
    Found 1-bit register for signal <cache_0<162>>.
    Found 1-bit register for signal <cache_0<161>>.
    Found 1-bit register for signal <cache_0<160>>.
    Found 1-bit register for signal <cache_0<159>>.
    Found 1-bit register for signal <cache_0<158>>.
    Found 1-bit register for signal <cache_0<157>>.
    Found 1-bit register for signal <cache_0<156>>.
    Found 1-bit register for signal <cache_0<155>>.
    Found 1-bit register for signal <cache_0<154>>.
    Found 1-bit register for signal <cache_0<153>>.
    Found 1-bit register for signal <cache_0<152>>.
    Found 1-bit register for signal <cache_0<151>>.
    Found 1-bit register for signal <cache_0<150>>.
    Found 1-bit register for signal <cache_0<149>>.
    Found 1-bit register for signal <cache_0<148>>.
    Found 1-bit register for signal <cache_0<147>>.
    Found 1-bit register for signal <cache_0<146>>.
    Found 1-bit register for signal <cache_0<145>>.
    Found 1-bit register for signal <cache_0<144>>.
    Found 1-bit register for signal <cache_0<143>>.
    Found 1-bit register for signal <cache_0<142>>.
    Found 1-bit register for signal <cache_0<141>>.
    Found 1-bit register for signal <cache_0<140>>.
    Found 1-bit register for signal <cache_0<139>>.
    Found 1-bit register for signal <cache_0<138>>.
    Found 1-bit register for signal <cache_0<137>>.
    Found 1-bit register for signal <cache_0<136>>.
    Found 1-bit register for signal <cache_0<135>>.
    Found 1-bit register for signal <cache_0<134>>.
    Found 1-bit register for signal <cache_0<133>>.
    Found 1-bit register for signal <cache_0<132>>.
    Found 1-bit register for signal <cache_0<131>>.
    Found 1-bit register for signal <cache_0<130>>.
    Found 1-bit register for signal <cache_0<129>>.
    Found 1-bit register for signal <cache_0<128>>.
    Found 1-bit register for signal <cache_0<127>>.
    Found 1-bit register for signal <cache_0<126>>.
    Found 1-bit register for signal <cache_0<125>>.
    Found 1-bit register for signal <cache_0<124>>.
    Found 1-bit register for signal <cache_0<123>>.
    Found 1-bit register for signal <cache_0<122>>.
    Found 1-bit register for signal <cache_0<121>>.
    Found 1-bit register for signal <cache_0<120>>.
    Found 1-bit register for signal <cache_0<119>>.
    Found 1-bit register for signal <cache_0<118>>.
    Found 1-bit register for signal <cache_0<117>>.
    Found 1-bit register for signal <cache_0<116>>.
    Found 1-bit register for signal <cache_0<115>>.
    Found 1-bit register for signal <cache_0<114>>.
    Found 1-bit register for signal <cache_0<113>>.
    Found 1-bit register for signal <cache_0<112>>.
    Found 1-bit register for signal <cache_0<111>>.
    Found 1-bit register for signal <cache_0<110>>.
    Found 1-bit register for signal <cache_0<109>>.
    Found 1-bit register for signal <cache_0<108>>.
    Found 1-bit register for signal <cache_0<107>>.
    Found 1-bit register for signal <cache_0<106>>.
    Found 1-bit register for signal <cache_0<105>>.
    Found 1-bit register for signal <cache_0<104>>.
    Found 1-bit register for signal <cache_0<103>>.
    Found 1-bit register for signal <cache_0<102>>.
    Found 1-bit register for signal <cache_0<101>>.
    Found 1-bit register for signal <cache_0<100>>.
    Found 1-bit register for signal <cache_0<99>>.
    Found 1-bit register for signal <cache_0<98>>.
    Found 1-bit register for signal <cache_0<97>>.
    Found 1-bit register for signal <cache_0<96>>.
    Found 1-bit register for signal <cache_0<95>>.
    Found 1-bit register for signal <cache_0<94>>.
    Found 1-bit register for signal <cache_0<93>>.
    Found 1-bit register for signal <cache_0<92>>.
    Found 1-bit register for signal <cache_0<91>>.
    Found 1-bit register for signal <cache_0<90>>.
    Found 1-bit register for signal <cache_0<89>>.
    Found 1-bit register for signal <cache_0<88>>.
    Found 1-bit register for signal <cache_0<87>>.
    Found 1-bit register for signal <cache_0<86>>.
    Found 1-bit register for signal <cache_0<85>>.
    Found 1-bit register for signal <cache_0<84>>.
    Found 1-bit register for signal <cache_0<83>>.
    Found 1-bit register for signal <cache_0<82>>.
    Found 1-bit register for signal <cache_0<81>>.
    Found 1-bit register for signal <cache_0<80>>.
    Found 1-bit register for signal <cache_0<79>>.
    Found 1-bit register for signal <cache_0<78>>.
    Found 1-bit register for signal <cache_0<77>>.
    Found 1-bit register for signal <cache_0<76>>.
    Found 1-bit register for signal <cache_0<75>>.
    Found 1-bit register for signal <cache_0<74>>.
    Found 1-bit register for signal <cache_0<73>>.
    Found 1-bit register for signal <cache_0<72>>.
    Found 1-bit register for signal <cache_0<71>>.
    Found 1-bit register for signal <cache_0<70>>.
    Found 1-bit register for signal <cache_0<69>>.
    Found 1-bit register for signal <cache_0<68>>.
    Found 1-bit register for signal <cache_0<67>>.
    Found 1-bit register for signal <cache_0<66>>.
    Found 1-bit register for signal <cache_0<65>>.
    Found 1-bit register for signal <cache_0<64>>.
    Found 1-bit register for signal <cache_0<63>>.
    Found 1-bit register for signal <cache_0<62>>.
    Found 1-bit register for signal <cache_0<61>>.
    Found 1-bit register for signal <cache_0<60>>.
    Found 1-bit register for signal <cache_0<59>>.
    Found 1-bit register for signal <cache_0<58>>.
    Found 1-bit register for signal <cache_0<57>>.
    Found 1-bit register for signal <cache_0<56>>.
    Found 1-bit register for signal <cache_0<55>>.
    Found 1-bit register for signal <cache_0<54>>.
    Found 1-bit register for signal <cache_0<53>>.
    Found 1-bit register for signal <cache_0<52>>.
    Found 1-bit register for signal <cache_0<51>>.
    Found 1-bit register for signal <cache_0<50>>.
    Found 1-bit register for signal <cache_0<49>>.
    Found 1-bit register for signal <cache_0<48>>.
    Found 1-bit register for signal <cache_0<47>>.
    Found 1-bit register for signal <cache_0<46>>.
    Found 1-bit register for signal <cache_0<45>>.
    Found 1-bit register for signal <cache_0<44>>.
    Found 1-bit register for signal <cache_0<43>>.
    Found 1-bit register for signal <cache_0<42>>.
    Found 1-bit register for signal <cache_0<41>>.
    Found 1-bit register for signal <cache_0<40>>.
    Found 1-bit register for signal <cache_0<39>>.
    Found 1-bit register for signal <cache_0<38>>.
    Found 1-bit register for signal <cache_0<37>>.
    Found 1-bit register for signal <cache_0<36>>.
    Found 1-bit register for signal <cache_0<35>>.
    Found 1-bit register for signal <cache_0<34>>.
    Found 1-bit register for signal <cache_0<33>>.
    Found 1-bit register for signal <cache_0<32>>.
    Found 1-bit register for signal <cache_0<31>>.
    Found 1-bit register for signal <cache_0<30>>.
    Found 1-bit register for signal <cache_0<29>>.
    Found 1-bit register for signal <cache_0<28>>.
    Found 1-bit register for signal <cache_0<27>>.
    Found 1-bit register for signal <cache_0<26>>.
    Found 1-bit register for signal <cache_0<25>>.
    Found 1-bit register for signal <cache_0<24>>.
    Found 1-bit register for signal <cache_0<23>>.
    Found 1-bit register for signal <cache_0<22>>.
    Found 1-bit register for signal <cache_0<21>>.
    Found 1-bit register for signal <cache_0<20>>.
    Found 1-bit register for signal <cache_0<19>>.
    Found 1-bit register for signal <cache_0<18>>.
    Found 1-bit register for signal <cache_0<17>>.
    Found 1-bit register for signal <cache_0<16>>.
    Found 1-bit register for signal <cache_0<15>>.
    Found 1-bit register for signal <cache_0<14>>.
    Found 1-bit register for signal <cache_0<13>>.
    Found 1-bit register for signal <cache_0<12>>.
    Found 1-bit register for signal <cache_0<11>>.
    Found 1-bit register for signal <cache_0<10>>.
    Found 1-bit register for signal <cache_0<9>>.
    Found 1-bit register for signal <cache_0<8>>.
    Found 1-bit register for signal <cache_0<7>>.
    Found 1-bit register for signal <cache_0<6>>.
    Found 1-bit register for signal <cache_0<5>>.
    Found 1-bit register for signal <cache_0<4>>.
    Found 1-bit register for signal <cache_0<3>>.
    Found 1-bit register for signal <cache_0<2>>.
    Found 1-bit register for signal <cache_0<1>>.
    Found 1-bit register for signal <cache_0<0>>.
    Found 1-bit register for signal <counter<4>>.
    Found 1-bit register for signal <counter<3>>.
    Found 1-bit register for signal <counter<2>>.
    Found 1-bit register for signal <counter<1>>.
    Found 1-bit register for signal <counter<0>>.
    Found 1-bit register for signal <hit>.
    Summary:
	inferred 1270 D-type flip-flop(s).
Unit <InstructionCache> synthesized.

Synthesizing Unit <dataMemCache>.
    Related source file is "D:\3D\IDM\Downloads\Documents\prog\Verilog\Computer_arc\memoryCache.v".
    Found 8x156-bit single-port RAM <Mram_cache> for signal <cache>.
    Found 1-bit register for signal <counter<4>>.
    Found 1-bit register for signal <counter<3>>.
    Found 1-bit register for signal <counter<2>>.
    Found 1-bit register for signal <counter<1>>.
    Found 1-bit register for signal <counter<0>>.
    Found 1-bit register for signal <readdata<31>>.
    Found 1-bit register for signal <readdata<30>>.
    Found 1-bit register for signal <readdata<29>>.
    Found 1-bit register for signal <readdata<28>>.
    Found 1-bit register for signal <readdata<27>>.
    Found 1-bit register for signal <readdata<26>>.
    Found 1-bit register for signal <readdata<25>>.
    Found 1-bit register for signal <readdata<24>>.
    Found 1-bit register for signal <readdata<23>>.
    Found 1-bit register for signal <readdata<22>>.
    Found 1-bit register for signal <readdata<21>>.
    Found 1-bit register for signal <readdata<20>>.
    Found 1-bit register for signal <readdata<19>>.
    Found 1-bit register for signal <readdata<18>>.
    Found 1-bit register for signal <readdata<17>>.
    Found 1-bit register for signal <readdata<16>>.
    Found 1-bit register for signal <readdata<15>>.
    Found 1-bit register for signal <readdata<14>>.
    Found 1-bit register for signal <readdata<13>>.
    Found 1-bit register for signal <readdata<12>>.
    Found 1-bit register for signal <readdata<11>>.
    Found 1-bit register for signal <readdata<10>>.
    Found 1-bit register for signal <readdata<9>>.
    Found 1-bit register for signal <readdata<8>>.
    Found 1-bit register for signal <readdata<7>>.
    Found 1-bit register for signal <readdata<6>>.
    Found 1-bit register for signal <readdata<5>>.
    Found 1-bit register for signal <readdata<4>>.
    Found 1-bit register for signal <readdata<3>>.
    Found 1-bit register for signal <readdata<2>>.
    Found 1-bit register for signal <readdata<1>>.
    Found 1-bit register for signal <readdata<0>>.
    Found 1-bit register for signal <hit>.
    Summary:
	inferred   1 RAM(s).
	inferred  38 D-type flip-flop(s).
Unit <dataMemCache> synthesized.

=========================================================================
HDL Synthesis Report

Found no macro
=========================================================================

=========================================================================
*                       Advanced HDL Synthesis                          *
=========================================================================


=========================================================================
Advanced HDL Synthesis Report

Found no macro
=========================================================================

=========================================================================
*                         Low Level Synthesis                           *
=========================================================================

Optimizing unit <MIPS> ...

Mapping all equations...
Building and optimizing final netlist ...
Found area constraint ratio of 100 (+ 5) on block MIPS, actual ratio is 0.

Final Macro Processing ...

=========================================================================
Final Register Report

Found no macro
=========================================================================

=========================================================================
*                           Partition Report                            *
=========================================================================

Partition Implementation Status
-------------------------------

  No Partitions were found in this design.

-------------------------------

=========================================================================
*                            Design Summary                             *
=========================================================================

Top Level Output File Name         : MIPS.ngc

Primitive and Black Box Usage:
------------------------------

Device utilization summary:
---------------------------

Selected Device : 7a100tcsg324-3 


Slice Logic Utilization: 

Slice Logic Distribution: 
 Number of LUT Flip Flop pairs used:      0
   Number with an unused Flip Flop:       0  out of      0         
   Number with an unused LUT:             0  out of      0         
   Number of fully used LUT-FF pairs:     0  out of      0         
   Number of unique control sets:         0

IO Utilization: 
 Number of IOs:                           2
 Number of bonded IOBs:                   0  out of    210     0%  

Specific Feature Utilization:

---------------------------
Partition Resource Summary:
---------------------------

  No Partitions were found in this design.

---------------------------


=========================================================================
Timing Report

NOTE: THESE TIMING NUMBERS ARE ONLY A SYNTHESIS ESTIMATE.
      FOR ACCURATE TIMING INFORMATION PLEASE REFER TO THE TRACE REPORT
      GENERATED AFTER PLACE-and-ROUTE.

Clock Information:
------------------
No clock signals found in this design

Asynchronous Control Signals Information:
----------------------------------------
No asynchronous control signals found in this design

Timing Summary:
---------------
Speed Grade: -3

   Minimum period: No path found
   Minimum input arrival time before clock: No path found
   Maximum output required time after clock: No path found
   Maximum combinational path delay: No path found

Timing Details:
---------------
All values displayed in nanoseconds (ns)

=========================================================================

Cross Clock Domains Report:
--------------------------

=========================================================================


Total REAL time to Xst completion: 14.00 secs
Total CPU time to Xst completion: 13.79 secs
 
--> 

Total memory usage is 4717704 kilobytes

Number of errors   :    0 (   0 filtered)
Number of warnings :   25 (   0 filtered)
Number of infos    :    0 (   0 filtered)

